E:\PROJECT\DBMS\DBMS\DBMS\DEBUG\DBMS.PCH
E:\PROJECT\DBMS\DBMS\DBMS\DEBUG\STDAFX.OBJ
E:\PROJECT\DBMS\DBMS\DBMS\DEBUG\VC110.PDB
E:\PROJECT\DBMS\DBMS\DBMS\DEBUG\DBLOGIC.OBJ
E:\PROJECT\DBMS\DBMS\DBMS\DEBUG\DBMS.OBJ
E:\PROJECT\DBMS\DBMS\DBMS\DEBUG\DBMSDOC.OBJ
E:\PROJECT\DBMS\DBMS\DBMS\DEBUG\DBMSVIEW.OBJ
E:\PROJECT\DBMS\DBMS\DBMS\DEBUG\DBVIEW.OBJ
E:\PROJECT\DBMS\DBMS\DBMS\DEBUG\FIELDDAO.OBJ
E:\PROJECT\DBMS\DBMS\DBMS\DEBUG\FIELDENTITY.OBJ
E:\PROJECT\DBMS\DBMS\DBMS\DEBUG\FIELDLOGIC.OBJ
E:\PROJECT\DBMS\DBMS\DBMS\DEBUG\MAINFRM.OBJ
E:\PROJECT\DBMS\DBMS\DBMS\DEBUG\RECORDDAO.OBJ
E:\PROJECT\DBMS\DBMS\DBMS\DEBUG\RECORDENTITY.OBJ
E:\PROJECT\DBMS\DBMS\DBMS\DEBUG\RECORDLOGIC.OBJ
E:\PROJECT\DBMS\DBMS\DBMS\DEBUG\REGISTERDLG.OBJ
E:\PROJECT\DBMS\DBMS\DBMS\DEBUG\SYSTEMDAO.OBJ
E:\PROJECT\DBMS\DBMS\DBMS\DEBUG\SYSTEMLOGIC.OBJ
E:\PROJECT\DBMS\DBMS\DBMS\DEBUG\TABLEDAO.OBJ
E:\PROJECT\DBMS\DBMS\DBMS\DEBUG\TABLEENTITY.OBJ
E:\PROJECT\DBMS\DBMS\DBMS\DEBUG\TABLELOGIC.OBJ
E:\PROJECT\DBMS\DBMS\DBMS\DEBUG\TABLEVIEW.OBJ
E:\PROJECT\DBMS\DBMS\DBMS\DEBUG\UTIL.OBJ
E:\PROJECT\DBMS\DBMS\DBMS\DEBUG\CONDITIONQUERY.OBJ
E:\PROJECT\DBMS\DBMS\DBMS\DEBUG\FIELDDIALOG.OBJ
E:\PROJECT\DBMS\DBMS\DBMS\DEBUG\LOGINDLG.OBJ
E:\PROJECT\DBMS\DBMS\DBMS\DEBUG\RCDDIALOG.OBJ
E:\PROJECT\DBMS\DBMS\DBMS\DEBUG\BINARYFILE.OBJ
E:\PROJECT\DBMS\DBMS\DBMS\DEBUG\DBDAO.OBJ
E:\PROJECT\DBMS\DBMS\DBMS\DEBUG\DBENTITY.OBJ
E:\PROJECT\DBMS\DBMS\DEBUG\DBMS.ILK
E:\PROJECT\DBMS\DBMS\DEBUG\DBMS.EXE
E:\PROJECT\DBMS\DBMS\DEBUG\DBMS.PDB
E:\PROJECT\DBMS\DBMS\DBMS\DEBUG\DBMS.RES
E:\project\DBMS\DBMS\DBMS\Debug\BinaryFile.obj
E:\project\DBMS\DBMS\DBMS\Debug\ConditionQuery.obj
E:\project\DBMS\DBMS\DBMS\Debug\DBDAO.obj
E:\project\DBMS\DBMS\DBMS\Debug\DBEntity.obj
E:\project\DBMS\DBMS\DBMS\Debug\DBLogic.obj
E:\project\DBMS\DBMS\DBMS\Debug\DBMS.obj
E:\project\DBMS\DBMS\DBMS\Debug\DBMSDoc.obj
E:\project\DBMS\DBMS\DBMS\Debug\DBMSView.obj
E:\project\DBMS\DBMS\DBMS\Debug\DBView.obj
E:\project\DBMS\DBMS\DBMS\Debug\FieldDAO.obj
E:\project\DBMS\DBMS\DBMS\Debug\FieldDialog.obj
E:\project\DBMS\DBMS\DBMS\Debug\FieldEntity.obj
E:\project\DBMS\DBMS\DBMS\Debug\FieldLogic.obj
E:\project\DBMS\DBMS\DBMS\Debug\LoginDlg.obj
E:\project\DBMS\DBMS\DBMS\Debug\MainFrm.obj
E:\project\DBMS\DBMS\DBMS\Debug\RcdDialog.obj
E:\project\DBMS\DBMS\DBMS\Debug\RecordDAO.obj
E:\project\DBMS\DBMS\DBMS\Debug\RecordEntity.obj
E:\project\DBMS\DBMS\DBMS\Debug\RecordLogic.obj
E:\project\DBMS\DBMS\DBMS\Debug\RegisterDlg.obj
E:\project\DBMS\DBMS\DBMS\Debug\stdafx.obj
E:\project\DBMS\DBMS\DBMS\Debug\SystemDAO.obj
E:\project\DBMS\DBMS\DBMS\Debug\SystemLogic.obj
E:\project\DBMS\DBMS\DBMS\Debug\TableDAO.obj
E:\project\DBMS\DBMS\DBMS\Debug\TableEntity.obj
E:\project\DBMS\DBMS\DBMS\Debug\TableLogic.obj
E:\project\DBMS\DBMS\DBMS\Debug\TableView.obj
E:\project\DBMS\DBMS\DBMS\Debug\Util.obj
E:\project\DBMS\DBMS\DBMS\Debug\cl.command.1.tlog
E:\project\DBMS\DBMS\DBMS\Debug\CL.read.1.tlog
E:\project\DBMS\DBMS\DBMS\Debug\CL.write.1.tlog
E:\project\DBMS\DBMS\DBMS\Debug\link-cvtres.read.1.tlog
E:\project\DBMS\DBMS\DBMS\Debug\link-cvtres.write.1.tlog
E:\project\DBMS\DBMS\DBMS\Debug\link-mt.read.1.tlog
E:\project\DBMS\DBMS\DBMS\Debug\link-mt.write.1.tlog
E:\project\DBMS\DBMS\DBMS\Debug\link-rc.read.1.tlog
E:\project\DBMS\DBMS\DBMS\Debug\link-rc.write.1.tlog
E:\project\DBMS\DBMS\DBMS\Debug\link.command.1.tlog
E:\project\DBMS\DBMS\DBMS\Debug\link.read.1.tlog
E:\project\DBMS\DBMS\DBMS\Debug\link.write.1.tlog
E:\project\DBMS\DBMS\DBMS\Debug\rc.command.1.tlog
E:\project\DBMS\DBMS\DBMS\Debug\rc.read.1.tlog
E:\project\DBMS\DBMS\DBMS\Debug\rc.write.1.tlog
E:\project\DBMS\DBMS\DBMS\Debug\DBMS.res
E:\project\DBMS\DBMS\DBMS\Debug\DBMS.pch
E:\project\DBMS\DBMS\DBMS\Debug\vc110.idb
E:\project\DBMS\DBMS\DBMS\Debug\vc110.pdb
E:\project\DBMS\DBMS\Debug\DBMS.pdb
E:\project\DBMS\DBMS\Debug\DBMS.exe
E:\project\DBMS\DBMS\Debug\DBMS.ilk
